<?xml version="1.0" encoding="UTF-8"?>
<testng-results skipped="0" failed="0" total="1" passed="1">
  <reporter-output>
  </reporter-output>
  <suite name="TestNgLogin" duration-ms="64133" started-at="2015-09-07T09:31:25Z" finished-at="2015-09-07T09:32:29Z">
    <groups>
    </groups>
    <test name="TestNg" duration-ms="64133" started-at="2015-09-07T09:31:25Z" finished-at="2015-09-07T09:32:29Z">
      <class name="com.ng.cases.TestNgLogin">
        <test-method status="PASS" signature="beforeTest()[pri:0, instance:com.ng.cases.TestNgLogin@3775f532]" name="beforeTest" is-config="true" duration-ms="6187" started-at="2015-09-07T17:31:25Z" finished-at="2015-09-07T17:31:31Z">
          <reporter-output>
          </reporter-output>
        </test-method> <!-- beforeTest -->
        <test-method status="PASS" signature="play()[pri:0, instance:com.ng.cases.TestNgLogin@3775f532]" name="play" duration-ms="57124" started-at="2015-09-07T17:31:31Z" finished-at="2015-09-07T17:32:28Z">
          <reporter-output>
          </reporter-output>
        </test-method> <!-- play -->
        <test-method status="PASS" signature="afterTest()[pri:0, instance:com.ng.cases.TestNgLogin@3775f532]" name="afterTest" is-config="true" duration-ms="814" started-at="2015-09-07T17:32:28Z" finished-at="2015-09-07T17:32:29Z">
          <reporter-output>
          </reporter-output>
        </test-method> <!-- afterTest -->
      </class> <!-- com.ng.cases.TestNgLogin -->
    </test> <!-- TestNg -->
  </suite> <!-- TestNgLogin -->
</testng-results>
